Performing C SOURCE FILE Test CMAKE_HAVE_LIBC_PTHREAD failed with the following output:
Change Dir: /media/sdv/47d6b45a-afd5-40a2-b8ae-c185573d86ab/Image_DDS_COde/yashesvi/carlabridge-end/build/CMakeFiles/CMakeTmp

Run Build Command(s):/usr/bin/make cmTC_be2a7/fast && /usr/bin/make -f CMakeFiles/cmTC_be2a7.dir/build.make CMakeFiles/cmTC_be2a7.dir/build
make[1]: Entering directory '/media/sdv/47d6b45a-afd5-40a2-b8ae-c185573d86ab/Image_DDS_COde/yashesvi/carlabridge-end/build/CMakeFiles/CMakeTmp'
Building C object CMakeFiles/cmTC_be2a7.dir/src.c.o
/usr/bin/cc   -DCMAKE_HAVE_LIBC_PTHREAD   -o CMakeFiles/cmTC_be2a7.dir/src.c.o   -c /media/sdv/47d6b45a-afd5-40a2-b8ae-c185573d86ab/Image_DDS_COde/yashesvi/carlabridge-end/build/CMakeFiles/CMakeTmp/src.c
Linking C executable cmTC_be2a7
/usr/bin/cmake -E cmake_link_script CMakeFiles/cmTC_be2a7.dir/link.txt --verbose=1
/usr/bin/cc  -DCMAKE_HAVE_LIBC_PTHREAD    -rdynamic CMakeFiles/cmTC_be2a7.dir/src.c.o  -o cmTC_be2a7 
/usr/bin/ld: CMakeFiles/cmTC_be2a7.dir/src.c.o: in function `main':
src.c:(.text+0x46): undefined reference to `pthread_create'
/usr/bin/ld: src.c:(.text+0x52): undefined reference to `pthread_detach'
/usr/bin/ld: src.c:(.text+0x63): undefined reference to `pthread_join'
collect2: error: ld returned 1 exit status
make[1]: *** [CMakeFiles/cmTC_be2a7.dir/build.make:87: cmTC_be2a7] Error 1
make[1]: Leaving directory '/media/sdv/47d6b45a-afd5-40a2-b8ae-c185573d86ab/Image_DDS_COde/yashesvi/carlabridge-end/build/CMakeFiles/CMakeTmp'
make: *** [Makefile:121: cmTC_be2a7/fast] Error 2


Source file was:
#include <pthread.h>

void* test_func(void* data)
{
  return data;
}

int main(void)
{
  pthread_t thread;
  pthread_create(&thread, NULL, test_func, NULL);
  pthread_detach(thread);
  pthread_join(thread, NULL);
  pthread_atfork(NULL, NULL, NULL);
  pthread_exit(NULL);

  return 0;
}

